\BOOKMARK [1][-]{section.1}{Background}{}% 1
\BOOKMARK [1][-]{section.2}{Problem}{}% 2
\BOOKMARK [1][-]{section.3}{Justification}{}% 3
\BOOKMARK [1][-]{section.4}{Why machine learning?}{}% 4
\BOOKMARK [1][-]{section.5}{Strategy}{}% 5
\BOOKMARK [1][-]{section.6}{Features}{}% 6
\BOOKMARK [2][-]{subsection.6.1}{Numerical Features}{section.6}% 7
\BOOKMARK [3][-]{subsubsection.6.1.1}{Description of Raw Numerical Features}{subsection.6.1}% 8
\BOOKMARK [3][-]{subsubsection.6.1.2}{Preprocessing of Numerical Features in Excel}{subsection.6.1}% 9
\BOOKMARK [3][-]{subsubsection.6.1.3}{Preprocessing of Numerical Features in Weka}{subsection.6.1}% 10
\BOOKMARK [2][-]{subsection.6.2}{Categorical Features}{section.6}% 11
\BOOKMARK [3][-]{subsubsection.6.2.1}{Description of Raw Categorical Features}{subsection.6.2}% 12
\BOOKMARK [3][-]{subsubsection.6.2.2}{Preprocessing of Categorical Features in Weka}{subsection.6.2}% 13
\BOOKMARK [1][-]{section.7}{Outputs}{}% 14
\BOOKMARK [2][-]{subsection.7.1}{Numerical Outputs}{section.7}% 15
\BOOKMARK [2][-]{subsection.7.2}{Categorical Outputs}{section.7}% 16
\BOOKMARK [1][-]{section.8}{Results}{}% 17
\BOOKMARK [2][-]{subsection.8.1}{Linear Regression Results}{section.8}% 18
\BOOKMARK [3][-]{subsubsection.8.1.1}{Measure of Performance}{subsection.8.1}% 19
\BOOKMARK [3][-]{subsubsection.8.1.2}{Heatmaps}{subsection.8.1}% 20
\BOOKMARK [3][-]{subsubsection.8.1.3}{Feature Weights}{subsection.8.1}% 21
\BOOKMARK [2][-]{subsection.8.2}{Logistic Regression Results}{section.8}% 22
\BOOKMARK [3][-]{subsubsection.8.2.1}{Measure of Performance}{subsection.8.2}% 23
\BOOKMARK [3][-]{subsubsection.8.2.2}{Confusion Matrices}{subsection.8.2}% 24
\BOOKMARK [1][-]{section.9}{Conclusion}{}% 25
\BOOKMARK [1][-]{section.10}{Figures \046 Tables}{}% 26
\BOOKMARK [1][-]{section.11}{References}{}% 27
